0 info it worked if it ends with ok
1 verbose cli [ '/usr/local/bin/node',
1 verbose cli   '/usr/local/bin/npm',
1 verbose cli   'run',
1 verbose cli   'build:dev' ]
2 info using npm@3.8.6
3 info using node@v6.0.0
4 verbose run-script [ 'prebuild:dev', 'build:dev', 'postbuild:dev' ]
5 info lifecycle webix-admin-app@0.1.0~prebuild:dev: webix-admin-app@0.1.0
6 silly lifecycle webix-admin-app@0.1.0~prebuild:dev: no script for prebuild:dev, continuing
7 info lifecycle webix-admin-app@0.1.0~build:dev: webix-admin-app@0.1.0
8 verbose lifecycle webix-admin-app@0.1.0~build:dev: unsafe-perm in lifecycle true
9 verbose lifecycle webix-admin-app@0.1.0~build:dev: PATH: /usr/local/lib/node_modules/npm/bin/node-gyp-bin:/home/kospiotr/Projects/webix-adminapp-material-demo-webpack/node_modules/.bin:/usr/local/bin:/usr/local/sbin:/usr/local/bin:/usr/sbin:/usr/bin:/sbin:/bin:/usr/games:/usr/local/games
10 verbose lifecycle webix-admin-app@0.1.0~build:dev: CWD: /home/kospiotr/Projects/webix-adminapp-material-demo-webpack
11 silly lifecycle webix-admin-app@0.1.0~build:dev: Args: [ '-c', 'webpack --progress' ]
12 silly lifecycle webix-admin-app@0.1.0~build:dev: Returned: code: 255  signal: null
13 info lifecycle webix-admin-app@0.1.0~build:dev: Failed to exec build:dev script
14 verbose stack Error: webix-admin-app@0.1.0 build:dev: `webpack --progress`
14 verbose stack Exit status 255
14 verbose stack     at EventEmitter.<anonymous> (/usr/local/lib/node_modules/npm/lib/utils/lifecycle.js:239:16)
14 verbose stack     at emitTwo (events.js:106:13)
14 verbose stack     at EventEmitter.emit (events.js:191:7)
14 verbose stack     at ChildProcess.<anonymous> (/usr/local/lib/node_modules/npm/lib/utils/spawn.js:24:14)
14 verbose stack     at emitTwo (events.js:106:13)
14 verbose stack     at ChildProcess.emit (events.js:191:7)
14 verbose stack     at maybeClose (internal/child_process.js:850:16)
14 verbose stack     at Process.ChildProcess._handle.onexit (internal/child_process.js:215:5)
15 verbose pkgid webix-admin-app@0.1.0
16 verbose cwd /home/kospiotr/Projects/webix-adminapp-material-demo-webpack
17 error Linux 3.19.0-65-generic
18 error argv "/usr/local/bin/node" "/usr/local/bin/npm" "run" "build:dev"
19 error node v6.0.0
20 error npm  v3.8.6
21 error code ELIFECYCLE
22 error webix-admin-app@0.1.0 build:dev: `webpack --progress`
22 error Exit status 255
23 error Failed at the webix-admin-app@0.1.0 build:dev script 'webpack --progress'.
23 error Make sure you have the latest version of node.js and npm installed.
23 error If you do, this is most likely a problem with the webix-admin-app package,
23 error not with npm itself.
23 error Tell the author that this fails on your system:
23 error     webpack --progress
23 error You can get information on how to open an issue for this project with:
23 error     npm bugs webix-admin-app
23 error Or if that isn't available, you can get their info via:
23 error     npm owner ls webix-admin-app
23 error There is likely additional logging output above.
24 verbose exit [ 1, true ]
